Determining if the pthread_create exist failed with the following output:
Change Dir: /home/jetson/catkin_ws/build/vision_to_mavros/CMakeFiles/CMakeTmp

Run Build Command:"/usr/bin/make" "cmTC_ab923/fast"
/usr/bin/make -f CMakeFiles/cmTC_ab923.dir/build.make CMakeFiles/cmTC_ab923.dir/build
make[1]: Entering directory '/home/jetson/catkin_ws/build/vision_to_mavros/CMakeFiles/CMakeTmp'
Building C object CMakeFiles/cmTC_ab923.dir/CheckSymbolExists.c.o
/usr/bin/cc    -o CMakeFiles/cmTC_ab923.dir/CheckSymbolExists.c.o   -c /home/jetson/catkin_ws/build/vision_to_mavros/CMakeFiles/CMakeTmp/CheckSymbolExists.c
Linking C executable cmTC_ab923
/usr/bin/cmake -E cmake_link_script CMakeFiles/cmTC_ab923.dir/link.txt --verbose=1
/usr/bin/cc      -rdynamic CMakeFiles/cmTC_ab923.dir/CheckSymbolExists.c.o  -o cmTC_ab923 
CMakeFiles/cmTC_ab923.dir/CheckSymbolExists.c.o: In function `main':
CheckSymbolExists.c:(.text+0x14): undefined reference to `pthread_create'
CheckSymbolExists.c:(.text+0x18): undefined reference to `pthread_create'
collect2: error: ld returned 1 exit status
CMakeFiles/cmTC_ab923.dir/build.make:97: recipe for target 'cmTC_ab923' failed
make[1]: *** [cmTC_ab923] Error 1
make[1]: Leaving directory '/home/jetson/catkin_ws/build/vision_to_mavros/CMakeFiles/CMakeTmp'
Makefile:126: recipe for target 'cmTC_ab923/fast' failed
make: *** [cmTC_ab923/fast] Error 2

File /home/jetson/catkin_ws/build/vision_to_mavros/CMakeFiles/CMakeTmp/CheckSymbolExists.c:
/* */
#include <pthread.h>

int main(int argc, char** argv)
{
  (void)argv;
#ifndef pthread_create
  return ((int*)(&pthread_create))[argc];
#else
  (void)argc;
  return 0;
#endif
}

Determining if the function pthread_create exists in the pthreads failed with the following output:
Change Dir: /home/jetson/catkin_ws/build/vision_to_mavros/CMakeFiles/CMakeTmp

Run Build Command:"/usr/bin/make" "cmTC_7e753/fast"
/usr/bin/make -f CMakeFiles/cmTC_7e753.dir/build.make CMakeFiles/cmTC_7e753.dir/build
make[1]: Entering directory '/home/jetson/catkin_ws/build/vision_to_mavros/CMakeFiles/CMakeTmp'
Building C object CMakeFiles/cmTC_7e753.dir/CheckFunctionExists.c.o
/usr/bin/cc   -DCHECK_FUNCTION_EXISTS=pthread_create   -o CMakeFiles/cmTC_7e753.dir/CheckFunctionExists.c.o   -c /usr/share/cmake-3.10/Modules/CheckFunctionExists.c
Linking C executable cmTC_7e753
/usr/bin/cmake -E cmake_link_script CMakeFiles/cmTC_7e753.dir/link.txt --verbose=1
/usr/bin/cc  -DCHECK_FUNCTION_EXISTS=pthread_create    -rdynamic CMakeFiles/cmTC_7e753.dir/CheckFunctionExists.c.o  -o cmTC_7e753 -lpthreads 
/usr/bin/ld: cannot find -lpthreads
collect2: error: ld returned 1 exit status
CMakeFiles/cmTC_7e753.dir/build.make:97: recipe for target 'cmTC_7e753' failed
make[1]: *** [cmTC_7e753] Error 1
make[1]: Leaving directory '/home/jetson/catkin_ws/build/vision_to_mavros/CMakeFiles/CMakeTmp'
Makefile:126: recipe for target 'cmTC_7e753/fast' failed
make: *** [cmTC_7e753/fast] Error 2


