Not searching for unused variables given on the command line.
robot_localization: You did not request a specific build type: selecting 'RelWithDebInfo'.
[36m--[0m Using CATKIN_DEVEL_PREFIX: /home/jetson/catkin_ws/devel/.private/robot_localization
[36m--[0m Using CMAKE_PREFIX_PATH: /home/jetson/catkin_ws/devel;/opt/ros/melodic
[36m--[0m This workspace overlays: /home/jetson/catkin_ws/devel;/opt/ros/melodic
[36m--[0m Found PythonInterp: /usr/bin/python2 (found suitable version "2.7.17", minimum required is "2")
[36m--[0m Using PYTHON_EXECUTABLE: /usr/bin/python2
[36m--[0m Using Debian Python package layout
[36m--[0m Using empy: /usr/bin/empy
[36m--[0m Using CATKIN_ENABLE_TESTING: ON
[36m--[0m Call enable_testing()
[36m--[0m Using CATKIN_TEST_RESULTS_DIR: /home/jetson/catkin_ws/build/robot_localization/test_results
[36m--[0m Found gtest sources under '/usr/src/googletest': gtests will be built
[36m--[0m Found gmock sources under '/usr/src/googletest': gmock will be built
[36m--[0m Found PythonInterp: /usr/bin/python2 (found version "2.7.17")
[36m--[0m Using Python nosetests: /usr/bin/nosetests-2.7
[36m--[0m catkin 0.7.28
[36m--[0m BUILD_SHARED_LIBS is on
[36m--[0m Using these message generators: gencpp;geneus;genlisp;gennodejs;genpy
[36m--[0m Could NOT find tf2_geometry_msgs (missing: tf2_geometry_msgs_DIR)
[36m--[0m Could not find the required component 'tf2_geometry_msgs'. The following CMake error indicates that you either need to install the package with the same name or change your environment so that it can be found.
[31m[1mCMake Error[0m at /opt/ros/melodic/share/catkin/cmake/catkinConfig.cmake:83 (find_package):
  Could not find a package configuration file provided by "tf2_geometry_msgs"
  with any of the following names:

    tf2_geometry_msgsConfig.cmake
    tf2_geometry_msgs-config.cmake

  Add the installation prefix of "tf2_geometry_msgs" to CMAKE_PREFIX_PATH or
  set "tf2_geometry_msgs_DIR" to a directory containing one of the above
  files.  If "tf2_geometry_msgs" provides a separate development package or
  SDK, be sure it has been installed.
[36mCall Stack (most recent call first):[0m
  CMakeLists.txt:9 (find_package)


[36m--[0m Configuring incomplete, errors occurred!
See also "/home/jetson/catkin_ws/build/robot_localization/CMakeFiles/CMakeOutput.log".
See also "/home/jetson/catkin_ws/build/robot_localization/CMakeFiles/CMakeError.log".
