Not searching for unused variables given on the command line.
[36m--[0m The C compiler identification is GNU 7.5.0
[36m--[0m The CXX compiler identification is GNU 7.5.0
[36m--[0m Check for working C compiler: /usr/lib/ccache/cc
[36m--[0m Check for working C compiler: /usr/lib/ccache/cc -- works
[36m--[0m Detecting C compiler ABI info
[36m--[0m Detecting C compiler ABI info - done
[36m--[0m Detecting C compile features
[36m--[0m Detecting C compile features - done
[36m--[0m Check for working CXX compiler: /usr/lib/ccache/c++
[36m--[0m Check for working CXX compiler: /usr/lib/ccache/c++ -- works
[36m--[0m Detecting CXX compiler ABI info
[36m--[0m Detecting CXX compiler ABI info - done
[36m--[0m Detecting CXX compile features
[36m--[0m Detecting CXX compile features - done
[36m--[0m Found PkgConfig: /usr/bin/pkg-config (found version "0.29.1")
[36m--[0m Checking for module 'bullet'
[36m--[0m   No package 'bullet' found
[31m[1mCMake Error[0m at /home/jetson/catkin_ws/src/geometry2/tf2_bullet/CMakeLists.txt:11 (find_package):
  By not providing "Findbullet.cmake" in CMAKE_MODULE_PATH this project has
  asked CMake to find a package configuration file provided by "bullet", but
  CMake did not find one.

  Could not find a package configuration file provided by "bullet" with any
  of the following names:

    bulletConfig.cmake
    bullet-config.cmake

  Add the installation prefix of "bullet" to CMAKE_PREFIX_PATH or set
  "bullet_DIR" to a directory containing one of the above files.  If "bullet"
  provides a separate development package or SDK, be sure it has been
  installed.


[36m--[0m Configuring incomplete, errors occurred!
See also "/home/jetson/catkin_ws/build/tf2_bullet/CMakeFiles/CMakeOutput.log".
