Determining if the pthread_create exist failed with the following output:
Change Dir: /home/jetson/catkin_ws/build/tf2_geometry_msgs/CMakeFiles/CMakeTmp

Run Build Command:"/usr/bin/make" "cmTC_c811c/fast"
/usr/bin/make -f CMakeFiles/cmTC_c811c.dir/build.make CMakeFiles/cmTC_c811c.dir/build
make[1]: Entering directory '/home/jetson/catkin_ws/build/tf2_geometry_msgs/CMakeFiles/CMakeTmp'
Building C object CMakeFiles/cmTC_c811c.dir/CheckSymbolExists.c.o
/usr/lib/ccache/cc    -o CMakeFiles/cmTC_c811c.dir/CheckSymbolExists.c.o   -c /home/jetson/catkin_ws/build/tf2_geometry_msgs/CMakeFiles/CMakeTmp/CheckSymbolExists.c
Linking C executable cmTC_c811c
/usr/bin/cmake -E cmake_link_script CMakeFiles/cmTC_c811c.dir/link.txt --verbose=1
/usr/lib/ccache/cc      -rdynamic CMakeFiles/cmTC_c811c.dir/CheckSymbolExists.c.o  -o cmTC_c811c 
CMakeFiles/cmTC_c811c.dir/CheckSymbolExists.c.o: In function `main':
CheckSymbolExists.c:(.text+0x14): undefined reference to `pthread_create'
CheckSymbolExists.c:(.text+0x18): undefined reference to `pthread_create'
collect2: error: ld returned 1 exit status
CMakeFiles/cmTC_c811c.dir/build.make:97: recipe for target 'cmTC_c811c' failed
make[1]: *** [cmTC_c811c] Error 1
make[1]: Leaving directory '/home/jetson/catkin_ws/build/tf2_geometry_msgs/CMakeFiles/CMakeTmp'
Makefile:126: recipe for target 'cmTC_c811c/fast' failed
make: *** [cmTC_c811c/fast] Error 2

File /home/jetson/catkin_ws/build/tf2_geometry_msgs/CMakeFiles/CMakeTmp/CheckSymbolExists.c:
/* */
#include <pthread.h>

int main(int argc, char** argv)
{
  (void)argv;
#ifndef pthread_create
  return ((int*)(&pthread_create))[argc];
#else
  (void)argc;
  return 0;
#endif
}

Determining if the function pthread_create exists in the pthreads failed with the following output:
Change Dir: /home/jetson/catkin_ws/build/tf2_geometry_msgs/CMakeFiles/CMakeTmp

Run Build Command:"/usr/bin/make" "cmTC_da61a/fast"
/usr/bin/make -f CMakeFiles/cmTC_da61a.dir/build.make CMakeFiles/cmTC_da61a.dir/build
make[1]: Entering directory '/home/jetson/catkin_ws/build/tf2_geometry_msgs/CMakeFiles/CMakeTmp'
Building C object CMakeFiles/cmTC_da61a.dir/CheckFunctionExists.c.o
/usr/lib/ccache/cc   -DCHECK_FUNCTION_EXISTS=pthread_create   -o CMakeFiles/cmTC_da61a.dir/CheckFunctionExists.c.o   -c /usr/share/cmake-3.10/Modules/CheckFunctionExists.c
Linking C executable cmTC_da61a
/usr/bin/cmake -E cmake_link_script CMakeFiles/cmTC_da61a.dir/link.txt --verbose=1
/usr/lib/ccache/cc  -DCHECK_FUNCTION_EXISTS=pthread_create    -rdynamic CMakeFiles/cmTC_da61a.dir/CheckFunctionExists.c.o  -o cmTC_da61a -lpthreads 
/usr/bin/ld: cannot find -lpthreads
collect2: error: ld returned 1 exit status
CMakeFiles/cmTC_da61a.dir/build.make:97: recipe for target 'cmTC_da61a' failed
make[1]: *** [cmTC_da61a] Error 1
make[1]: Leaving directory '/home/jetson/catkin_ws/build/tf2_geometry_msgs/CMakeFiles/CMakeTmp'
Makefile:126: recipe for target 'cmTC_da61a/fast' failed
make: *** [cmTC_da61a/fast] Error 2


